{"total": {"lines":{"total":375,"covered":331,"skipped":0,"pct":88.26},"statements":{"total":432,"covered":355,"skipped":0,"pct":82.17},"functions":{"total":37,"covered":36,"skipped":0,"pct":97.29},"branches":{"total":285,"covered":182,"skipped":0,"pct":63.85},"branchesTrue":{"total":0,"covered":0,"skipped":0,"pct":100}}
,"/home/user/ref-files-worker/src/db/index.ts": {"lines":{"total":1,"covered":1,"skipped":0,"pct":100},"functions":{"total":1,"covered":1,"skipped":0,"pct":100},"statements":{"total":1,"covered":1,"skipped":0,"pct":100},"branches":{"total":0,"covered":0,"skipped":0,"pct":100}}
,"/home/user/ref-files-worker/src/lib/hash.ts": {"lines":{"total":16,"covered":16,"skipped":0,"pct":100},"functions":{"total":3,"covered":3,"skipped":0,"pct":100},"statements":{"total":21,"covered":21,"skipped":0,"pct":100},"branches":{"total":2,"covered":1,"skipped":0,"pct":50}}
,"/home/user/ref-files-worker/src/lib/jwt.ts": {"lines":{"total":40,"covered":35,"skipped":0,"pct":87.5},"functions":{"total":5,"covered":5,"skipped":0,"pct":100},"statements":{"total":49,"covered":43,"skipped":0,"pct":87.75},"branches":{"total":28,"covered":23,"skipped":0,"pct":82.14}}
,"/home/user/ref-files-worker/src/lib/path.ts": {"lines":{"total":26,"covered":26,"skipped":0,"pct":100},"functions":{"total":6,"covered":6,"skipped":0,"pct":100},"statements":{"total":36,"covered":30,"skipped":0,"pct":83.33},"branches":{"total":23,"covered":17,"skipped":0,"pct":73.91}}
,"/home/user/ref-files-worker/src/lib/repo-ops.ts": {"lines":{"total":29,"covered":24,"skipped":0,"pct":82.75},"functions":{"total":6,"covered":5,"skipped":0,"pct":83.33},"statements":{"total":34,"covered":26,"skipped":0,"pct":76.47},"branches":{"total":20,"covered":13,"skipped":0,"pct":65}}
,"/home/user/ref-files-worker/src/middleware/auth.ts": {"lines":{"total":25,"covered":16,"skipped":0,"pct":64},"functions":{"total":1,"covered":1,"skipped":0,"pct":100},"statements":{"total":25,"covered":16,"skipped":0,"pct":64},"branches":{"total":18,"covered":10,"skipped":0,"pct":55.55}}
,"/home/user/ref-files-worker/src/routes/files.ts": {"lines":{"total":174,"covered":158,"skipped":0,"pct":90.8},"functions":{"total":10,"covered":10,"skipped":0,"pct":100},"statements":{"total":197,"covered":162,"skipped":0,"pct":82.23},"branches":{"total":140,"covered":85,"skipped":0,"pct":60.71}}
,"/home/user/ref-files-worker/src/routes/folders.ts": {"lines":{"total":43,"covered":38,"skipped":0,"pct":88.37},"functions":{"total":3,"covered":3,"skipped":0,"pct":100},"statements":{"total":47,"covered":39,"skipped":0,"pct":82.97},"branches":{"total":45,"covered":26,"skipped":0,"pct":57.77}}
,"/home/user/ref-files-worker/src/routes/repos.ts": {"lines":{"total":21,"covered":17,"skipped":0,"pct":80.95},"functions":{"total":2,"covered":2,"skipped":0,"pct":100},"statements":{"total":22,"covered":17,"skipped":0,"pct":77.27},"branches":{"total":9,"covered":7,"skipped":0,"pct":77.77}}
}
