TN:
SF:src/db/index.ts
FN:11,db
FNF:1
FNH:1
FNDA:53,db
DA:12,53
LF:1
LH:1
BRF:0
BRH:0
end_of_record
TN:
SF:src/lib/hash.ts
FN:2,sha256Hex
FN:18,decodeBase64
FN:25,encodeBase64
FNF:3
FNH:3
FNDA:16,sha256Hex
FNDA:16,decodeBase64
FNDA:3,encodeBase64
DA:6,16
DA:7,16
DA:8,16
DA:9,16
DA:10,16
DA:11,16
DA:12,16
DA:13,512
DA:15,16
DA:19,16
DA:20,16
DA:21,34
DA:22,16
DA:26,3
DA:27,15
DA:28,3
LF:16
LH:16
BRDA:6,0,0,16
BRDA:6,0,1,0
BRF:2
BRH:1
end_of_record
TN:
SF:src/lib/jwt.ts
FN:31,(anonymous_0)
FN:36,b64urlToBytes
FN:45,b64urlToString
FN:49,constantTimeEqual
FN:56,verifyMcpJwt
FNF:5
FNH:5
FNDA:5,(anonymous_0)
FNDA:12,b64urlToBytes
FNDA:8,b64urlToString
FNDA:4,constantTimeEqual
FNDA:6,verifyMcpJwt
DA:17,4
DA:31,5
DA:32,5
DA:37,12
DA:38,12
DA:39,12
DA:40,12
DA:41,589
DA:42,12
DA:46,8
DA:50,4
DA:51,4
DA:52,128
DA:53,4
DA:61,6
DA:62,6
DA:63,5
DA:66,5
DA:67,5
DA:69,0
DA:71,5
DA:73,4
DA:74,4
DA:81,4
DA:82,4
DA:83,4
DA:86,3
DA:87,3
DA:89,0
DA:92,3
DA:93,3
DA:94,1
DA:96,2
DA:97,0
DA:99,2
DA:100,1
DA:101,0
DA:103,1
DA:104,0
DA:107,1
LF:40
LH:35
BRDA:37,0,0,4
BRDA:37,0,1,8
BRDA:50,1,0,0
BRDA:50,1,1,4
BRDA:62,2,0,1
BRDA:62,2,1,5
BRDA:71,3,0,1
BRDA:71,3,1,4
BRDA:83,4,0,1
BRDA:83,4,1,3
BRDA:93,5,0,1
BRDA:93,5,1,2
BRDA:93,6,0,3
BRDA:93,6,1,3
BRDA:96,7,0,0
BRDA:96,7,1,2
BRDA:96,8,0,2
BRDA:96,8,1,0
BRDA:99,9,0,1
BRDA:99,9,1,1
BRDA:100,10,0,0
BRDA:100,10,1,1
BRDA:100,11,0,1
BRDA:100,11,1,1
BRDA:103,12,0,0
BRDA:103,12,1,1
BRDA:103,13,0,1
BRDA:103,13,1,1
BRF:28
BRH:23
end_of_record
TN:
SF:src/lib/path.ts
FN:13,(anonymous_0)
FN:19,normalizePath
FN:35,splitParent
FN:43,ancestorFolders
FN:54,escapeLike
FN:59,validRepoName
FNF:6
FNH:6
FNDA:2,(anonymous_0)
FNDA:36,normalizePath
FNDA:41,splitParent
FNDA:10,ancestorFolders
FNDA:7,escapeLike
FNDA:18,validRepoName
DA:10,4
DA:13,2
DA:14,2
DA:20,36
DA:21,35
DA:23,35
DA:24,35
DA:25,35
DA:26,35
DA:27,35
DA:28,55
DA:29,53
DA:31,33
DA:36,41
DA:37,41
DA:38,41
DA:39,20
DA:44,10
DA:45,10
DA:46,10
DA:47,10
DA:48,17
DA:50,10
DA:55,7
DA:58,4
DA:60,18
LF:26
LH:26
BRDA:20,0,0,1
BRDA:20,0,1,35
BRDA:20,1,0,36
BRDA:20,1,1,35
BRDA:21,2,0,0
BRDA:21,2,1,35
BRDA:23,3,0,0
BRDA:23,3,1,35
BRDA:25,4,0,0
BRDA:25,4,1,35
BRDA:28,5,0,2
BRDA:28,5,1,53
BRDA:28,6,0,55
BRDA:28,6,1,55
BRDA:28,6,2,55
BRDA:29,7,0,0
BRDA:29,7,1,53
BRDA:36,8,0,0
BRDA:36,8,1,41
BRDA:38,9,0,21
BRDA:38,9,1,20
BRDA:44,10,0,0
BRDA:44,10,1,10
BRF:23
BRH:17
end_of_record
TN:
SF:src/lib/repo-ops.ts
FN:33,loadRepo
FN:38,ensureRepoOwned
FN:49,loadFolderByPath
FN:68,ensureFolderPath
FN:104,listFoldersUnder
FN:122,folderRowToDto
FNF:6
FNH:5
FNDA:36,loadRepo
FNDA:36,ensureRepoOwned
FNDA:18,loadFolderByPath
FNDA:19,ensureFolderPath
FNDA:0,listFoldersUnder
FNDA:5,folderRowToDto
DA:34,36
DA:35,36
DA:43,36
DA:44,36
DA:45,36
DA:46,35
DA:54,18
DA:55,18
DA:61,18
DA:73,19
DA:74,10
DA:75,10
DA:76,10
DA:77,17
DA:78,17
DA:79,4
DA:80,4
DA:82,13
DA:83,13
DA:91,13
DA:92,13
DA:93,13
DA:96,0
DA:97,0
DA:98,0
DA:101,10
DA:109,0
DA:119,0
DA:123,5
LF:29
LH:24
BRDA:35,0,0,36
BRDA:35,0,1,0
BRDA:44,1,0,0
BRDA:44,1,1,36
BRDA:45,2,0,1
BRDA:45,2,1,35
BRDA:54,3,0,0
BRDA:54,3,1,18
BRDA:61,4,0,18
BRDA:61,4,1,13
BRDA:73,5,0,9
BRDA:73,5,1,10
BRDA:78,6,0,4
BRDA:78,6,1,13
BRDA:86,7,0,6
BRDA:86,7,1,7
BRDA:97,8,0,0
BRDA:97,8,1,0
BRDA:115,9,0,0
BRDA:115,9,1,0
BRF:20
BRH:13
end_of_record
TN:
SF:src/middleware/auth.ts
FN:14,(anonymous_0)
FNF:1
FNH:1
FNDA:57,(anonymous_0)
DA:14,4
DA:15,57
DA:16,57
DA:17,1
DA:19,56
DA:20,56
DA:21,56
DA:23,56
DA:24,56
DA:25,0
DA:27,56
DA:28,56
DA:29,0
DA:31,56
DA:32,56
DA:33,56
DA:38,56
DA:39,56
DA:41,0
DA:45,0
DA:46,0
DA:47,0
DA:52,0
DA:54,0
DA:55,0
LF:25
LH:16
BRDA:16,0,0,1
BRDA:16,0,1,56
BRDA:16,1,0,57
BRDA:16,1,1,56
BRDA:23,2,0,56
BRDA:23,2,1,0
BRDA:24,3,0,0
BRDA:24,3,1,56
BRDA:28,4,0,0
BRDA:28,4,1,56
BRDA:34,5,0,56
BRDA:34,5,1,0
BRDA:35,6,0,56
BRDA:35,6,1,0
BRDA:36,7,0,56
BRDA:36,7,1,0
BRDA:54,8,0,0
BRDA:54,8,1,0
BRF:18
BRH:10
end_of_record
TN:
SF:src/routes/files.ts
FN:66,fileRowToDto
FN:83,revRowToDto
FN:98,loadFileByPath
FN:115,blobKey
FN:120,(anonymous_4)
FN:265,(anonymous_5)
FN:319,(anonymous_6)
FN:345,(anonymous_7)
FN:381,(anonymous_8)
FN:446,(anonymous_9)
FNF:10
FNH:10
FNDA:30,fileRowToDto
FNDA:24,revRowToDto
FNDA:28,loadFileByPath
FNDA:16,blobKey
FNDA:17,(anonymous_4)
FNDA:5,(anonymous_5)
FNDA:2,(anonymous_6)
FNDA:1,(anonymous_7)
FNDA:2,(anonymous_8)
FNDA:5,(anonymous_9)
DA:30,4
DA:67,30
DA:84,24
DA:104,28
DA:111,28
DA:112,28
DA:116,16
DA:120,4
DA:122,17
DA:123,17
DA:125,0
DA:127,17
DA:133,0
DA:136,17
DA:137,17
DA:139,1
DA:141,16
DA:144,16
DA:145,16
DA:147,0
DA:150,16
DA:151,16
DA:152,16
DA:153,16
DA:155,16
DA:156,16
DA:158,16
DA:159,16
DA:160,16
DA:161,16
DA:162,16
DA:164,16
DA:169,16
DA:170,5
DA:171,5
DA:172,5
DA:173,5
DA:174,5
DA:177,5
DA:189,5
DA:190,5
DA:203,5
DA:213,5
DA:219,11
DA:220,11
DA:221,11
DA:222,11
DA:223,11
DA:226,11
DA:227,11
DA:241,11
DA:253,11
DA:254,11
DA:257,0
DA:258,0
DA:260,11
DA:261,11
DA:265,4
DA:266,5
DA:267,5
DA:268,5
DA:269,5
DA:271,5
DA:272,5
DA:274,0
DA:276,5
DA:278,5
DA:279,5
DA:280,5
DA:282,5
DA:283,5
DA:286,4
DA:287,2
DA:288,1
DA:290,2
DA:291,2
DA:292,0
DA:294,2
DA:297,3
DA:303,3
DA:304,3
DA:306,3
DA:307,3
DA:308,3
DA:310,3
DA:315,3
DA:319,4
DA:320,2
DA:321,2
DA:322,2
DA:324,2
DA:325,2
DA:327,0
DA:329,2
DA:330,2
DA:331,2
DA:333,2
DA:334,2
DA:335,2
DA:336,2
DA:341,2
DA:345,4
DA:346,1
DA:347,1
DA:348,1
DA:349,1
DA:351,1
DA:352,1
DA:354,0
DA:356,1
DA:357,1
DA:358,1
DA:360,1
DA:361,1
DA:363,1
DA:364,1
DA:365,0
DA:366,0
DA:368,1
DA:376,1
DA:377,1
DA:381,4
DA:383,2
DA:384,2
DA:386,0
DA:388,2
DA:394,0
DA:398,2
DA:399,2
DA:400,2
DA:402,0
DA:404,2
DA:405,0
DA:407,2
DA:409,2
DA:410,2
DA:411,2
DA:413,2
DA:414,2
DA:416,2
DA:417,2
DA:419,1
DA:420,1
DA:421,1
DA:422,1
DA:433,1
DA:446,4
DA:447,5
DA:448,5
DA:449,5
DA:450,5
DA:451,5
DA:452,5
DA:454,5
DA:455,5
DA:456,1
DA:457,1
DA:460,5
DA:461,5
DA:462,1
DA:463,1
DA:465,0
DA:469,5
DA:470,5
DA:471,5
DA:473,5
DA:474,5
DA:478,5
DA:479,1
DA:481,5
DA:482,4
DA:484,5
DA:491,5
DA:492,5
LF:174
LH:158
BRDA:104,0,0,24
BRDA:104,0,1,4
BRDA:112,1,0,28
BRDA:112,1,1,13
BRDA:127,2,0,0
BRDA:127,2,1,17
BRDA:128,3,0,17
BRDA:128,3,1,17
BRDA:128,3,2,17
BRDA:128,3,3,17
BRDA:139,4,0,1
BRDA:139,4,1,0
BRDA:141,5,0,0
BRDA:141,5,1,16
BRDA:153,6,0,0
BRDA:153,6,1,16
BRDA:153,7,0,0
BRDA:153,7,1,0
BRDA:161,8,0,16
BRDA:161,8,1,16
BRDA:162,9,0,16
BRDA:162,9,1,16
BRDA:169,10,0,5
BRDA:169,10,1,11
BRDA:175,11,0,0
BRDA:175,11,1,5
BRDA:199,12,0,1
BRDA:199,12,1,4
BRDA:211,13,0,1
BRDA:211,13,1,4
BRDA:224,14,0,0
BRDA:224,14,1,11
BRDA:230,15,0,6
BRDA:230,15,1,5
BRDA:269,16,0,0
BRDA:269,16,1,5
BRDA:269,17,0,5
BRDA:269,17,1,5
BRDA:274,18,0,0
BRDA:274,18,1,0
BRDA:276,19,0,0
BRDA:276,19,1,5
BRDA:280,20,0,0
BRDA:280,20,1,5
BRDA:280,21,0,0
BRDA:280,21,1,0
BRDA:283,22,0,1
BRDA:283,22,1,4
BRDA:286,23,0,2
BRDA:286,23,1,2
BRDA:287,24,0,1
BRDA:287,24,1,1
BRDA:291,25,0,0
BRDA:291,25,1,2
BRDA:291,26,0,2
BRDA:291,26,1,2
BRDA:304,27,0,0
BRDA:304,27,1,3
BRDA:307,28,0,0
BRDA:307,28,1,3
BRDA:322,29,0,0
BRDA:322,29,1,2
BRDA:322,30,0,2
BRDA:322,30,1,2
BRDA:327,31,0,0
BRDA:327,31,1,0
BRDA:331,32,0,0
BRDA:331,32,1,2
BRDA:331,33,0,0
BRDA:331,33,1,0
BRDA:334,34,0,0
BRDA:334,34,1,2
BRDA:349,35,0,0
BRDA:349,35,1,1
BRDA:349,36,0,1
BRDA:349,36,1,1
BRDA:354,37,0,0
BRDA:354,37,1,0
BRDA:358,38,0,0
BRDA:358,38,1,1
BRDA:358,39,0,0
BRDA:358,39,1,0
BRDA:361,40,0,0
BRDA:361,40,1,1
BRDA:364,41,0,0
BRDA:364,41,1,1
BRDA:366,42,0,0
BRDA:366,42,1,0
BRDA:366,43,0,0
BRDA:366,43,1,0
BRDA:388,44,0,0
BRDA:388,44,1,2
BRDA:389,45,0,2
BRDA:389,45,1,2
BRDA:389,45,2,2
BRDA:389,45,3,2
BRDA:402,46,0,0
BRDA:402,46,1,0
BRDA:404,47,0,0
BRDA:404,47,1,2
BRDA:404,48,0,2
BRDA:404,48,1,2
BRDA:407,49,0,0
BRDA:407,49,1,2
BRDA:411,50,0,0
BRDA:411,50,1,2
BRDA:411,51,0,0
BRDA:411,51,1,0
BRDA:414,52,0,0
BRDA:414,52,1,2
BRDA:417,53,0,1
BRDA:417,53,1,1
BRDA:427,54,0,1
BRDA:427,54,1,0
BRDA:438,55,0,1
BRDA:438,55,1,0
BRDA:452,56,0,0
BRDA:452,56,1,5
BRDA:452,57,0,5
BRDA:452,57,1,5
BRDA:455,58,0,1
BRDA:455,58,1,4
BRDA:457,59,0,1
BRDA:457,59,1,0
BRDA:457,60,0,1
BRDA:457,60,1,1
BRDA:461,61,0,1
BRDA:461,61,1,4
BRDA:461,62,0,5
BRDA:461,62,1,1
BRDA:465,63,0,0
BRDA:465,63,1,0
BRDA:471,64,0,0
BRDA:471,64,1,5
BRDA:471,65,0,0
BRDA:471,65,1,0
BRDA:478,66,0,1
BRDA:478,66,1,4
BRDA:481,67,0,4
BRDA:481,67,1,1
BRF:140
BRH:85
end_of_record
TN:
SF:src/routes/folders.ts
FN:27,(anonymous_0)
FN:57,(anonymous_1)
FN:130,(anonymous_2)
FNF:3
FNH:3
FNDA:4,(anonymous_0)
FNDA:2,(anonymous_1)
FNDA:3,(anonymous_2)
DA:24,4
DA:27,4
DA:29,4
DA:30,4
DA:32,0
DA:34,4
DA:35,0
DA:38,4
DA:39,4
DA:41,1
DA:43,3
DA:44,0
DA:47,3
DA:48,3
DA:49,3
DA:51,2
DA:52,2
DA:53,2
DA:57,4
DA:58,2
DA:59,2
DA:60,2
DA:61,2
DA:64,2
DA:65,2
DA:67,0
DA:70,2
DA:71,2
DA:72,2
DA:74,2
DA:75,2
DA:76,0
DA:81,2
DA:82,1
DA:83,1
DA:84,1
DA:91,1
DA:105,1
DA:106,1
DA:116,1
DA:129,2
DA:130,3
DA:133,2
LF:43
LH:38
BRDA:34,0,0,0
BRDA:34,0,1,4
BRDA:34,1,0,4
BRDA:34,1,1,4
BRDA:34,1,2,4
BRDA:41,2,0,1
BRDA:41,2,1,0
BRDA:43,3,0,0
BRDA:43,3,1,3
BRDA:49,4,0,1
BRDA:49,4,1,2
BRDA:49,5,0,1
BRDA:49,5,1,0
BRDA:52,6,0,0
BRDA:52,6,1,2
BRDA:59,7,0,2
BRDA:59,7,1,0
BRDA:61,8,0,0
BRDA:61,8,1,2
BRDA:67,9,0,0
BRDA:67,9,1,0
BRDA:72,10,0,0
BRDA:72,10,1,2
BRDA:72,11,0,0
BRDA:72,11,1,0
BRDA:74,12,0,1
BRDA:74,12,1,1
BRDA:75,13,0,0
BRDA:75,13,1,2
BRDA:75,14,0,2
BRDA:75,14,1,1
BRDA:81,15,0,1
BRDA:81,15,1,1
BRDA:82,16,0,0
BRDA:82,16,1,1
BRDA:84,17,0,0
BRDA:84,17,1,1
BRDA:91,18,0,0
BRDA:91,18,1,1
BRDA:105,19,0,0
BRDA:105,19,1,1
BRDA:112,20,0,1
BRDA:112,20,1,0
BRDA:122,21,0,1
BRDA:122,21,1,0
BRF:45
BRH:26
end_of_record
TN:
SF:src/routes/repos.ts
FN:20,(anonymous_0)
FN:66,rowToRepo
FNF:2
FNH:2
FNDA:18,(anonymous_0)
FNDA:17,rowToRepo
DA:17,4
DA:20,4
DA:22,18
DA:23,18
DA:25,0
DA:27,18
DA:28,1
DA:30,17
DA:31,17
DA:33,17
DA:39,17
DA:40,1
DA:43,16
DA:44,16
DA:51,16
DA:52,16
DA:54,0
DA:60,0
DA:61,0
DA:63,16
DA:73,17
LF:21
LH:17
BRDA:27,0,0,1
BRDA:27,0,1,17
BRDA:27,1,0,18
BRDA:27,1,1,18
BRDA:27,1,2,18
BRDA:39,2,0,1
BRDA:39,2,1,16
BRDA:60,3,0,0
BRDA:60,3,1,0
BRF:9
BRH:7
end_of_record
